{
  "stats": {
    "suites": 11,
    "tests": 19,
    "passes": 19,
    "pending": 0,
    "failures": 0,
    "start": "2021-05-27T12:39:14.973Z",
    "end": "2021-05-27T12:39:28.246Z",
    "duration": 13273,
    "testsRegistered": 19,
    "passPercent": 100,
    "pendingPercent": 0,
    "other": 0,
    "hasOther": false,
    "skipped": 0,
    "hasSkipped": false
  },
  "results": [
    {
      "uuid": "2414268c-4987-4cf2-bd4f-489fd2bb9bad",
      "title": "",
      "fullFile": "cypress/integration/cytest.spec.js",
      "file": "cypress/integration/cytest.spec.js",
      "beforeHooks": [],
      "afterHooks": [],
      "tests": [],
      "suites": [
        {
          "uuid": "0f296588-29b4-4a28-a1a1-3830e1690707",
          "title": "CREATE A CLIENT",
          "fullFile": "",
          "file": "",
          "beforeHooks": [],
          "afterHooks": [],
          "tests": [
            {
              "title": "Create a new client",
              "fullTitle": "CREATE A CLIENT Create a new client",
              "timedOut": null,
              "duration": 963,
              "state": "passed",
              "speed": "slow",
              "pass": true,
              "fail": false,
              "pending": false,
              "context": null,
              "code": "cy.authenticate().then(response => {\n  client.createClientRequest();\n  client.performLogout();\n});",
              "err": {},
              "uuid": "4bd980ef-104c-47bf-92cc-10800fe8affe",
              "parentUUID": "0f296588-29b4-4a28-a1a1-3830e1690707",
              "isHook": false,
              "skipped": false
            },
            {
              "title": "Delete a client",
              "fullTitle": "CREATE A CLIENT Delete a client",
              "timedOut": null,
              "duration": 737,
              "state": "passed",
              "speed": "slow",
              "pass": true,
              "fail": false,
              "pending": false,
              "context": null,
              "code": "cy.authenticate().then(response => {\n  client.createClientRequest();\n  client.deleteClientRequest(Cypress.env().lastID);\n  client.performLogout();\n});",
              "err": {},
              "uuid": "d2526744-5178-4ee2-a1c9-59b8b654b0ff",
              "parentUUID": "0f296588-29b4-4a28-a1a1-3830e1690707",
              "isHook": false,
              "skipped": false
            }
          ],
          "suites": [],
          "passes": [
            "4bd980ef-104c-47bf-92cc-10800fe8affe",
            "d2526744-5178-4ee2-a1c9-59b8b654b0ff"
          ],
          "failures": [],
          "pending": [],
          "skipped": [],
          "duration": 1700,
          "root": false,
          "rootEmpty": false,
          "_timeout": 2000
        },
        {
          "uuid": "cf801bfa-4a8a-4350-961b-8099c1ce211e",
          "title": "CREATE A BILL",
          "fullFile": "",
          "file": "",
          "beforeHooks": [],
          "afterHooks": [],
          "tests": [
            {
              "title": "Create a bill",
              "fullTitle": "CREATE A BILL Create a bill",
              "timedOut": null,
              "duration": 655,
              "state": "passed",
              "speed": "slow",
              "pass": true,
              "fail": false,
              "pending": false,
              "context": null,
              "code": "cy.authenticate().then(response => {\n  bill.createBillRequest();\n  bill.performLogout();\n});",
              "err": {},
              "uuid": "ecdf5a68-6485-40e3-b3bf-0c67929586c8",
              "parentUUID": "cf801bfa-4a8a-4350-961b-8099c1ce211e",
              "isHook": false,
              "skipped": false
            },
            {
              "title": "Delete a bill",
              "fullTitle": "CREATE A BILL Delete a bill",
              "timedOut": null,
              "duration": 677,
              "state": "passed",
              "speed": "slow",
              "pass": true,
              "fail": false,
              "pending": false,
              "context": null,
              "code": "cy.authenticate().then(response => {\n  bill.createBillRequest();\n  bill.deleteBillRequest(Cypress.env().lastID);\n  bill.performLogout();\n});",
              "err": {},
              "uuid": "e27374c2-f2fd-4052-b40e-92ba49eff389",
              "parentUUID": "cf801bfa-4a8a-4350-961b-8099c1ce211e",
              "isHook": false,
              "skipped": false
            }
          ],
          "suites": [],
          "passes": [
            "ecdf5a68-6485-40e3-b3bf-0c67929586c8",
            "e27374c2-f2fd-4052-b40e-92ba49eff389"
          ],
          "failures": [],
          "pending": [],
          "skipped": [],
          "duration": 1332,
          "root": false,
          "rootEmpty": false,
          "_timeout": 2000
        },
        {
          "uuid": "884cf1d0-18ea-4927-a332-3dd1e95c9ba1",
          "title": "CREATE A RESERVATION",
          "fullFile": "",
          "file": "",
          "beforeHooks": [],
          "afterHooks": [],
          "tests": [
            {
              "title": "Create a reservation",
              "fullTitle": "CREATE A RESERVATION Create a reservation",
              "timedOut": null,
              "duration": 657,
              "state": "passed",
              "speed": "slow",
              "pass": true,
              "fail": false,
              "pending": false,
              "context": null,
              "code": "cy.authenticate().then(response => {\n  reservation.createReservationRequest();\n  reservation.performLogout();\n});",
              "err": {},
              "uuid": "816cfb2c-e0d9-4254-a08d-1e707fae7b66",
              "parentUUID": "884cf1d0-18ea-4927-a332-3dd1e95c9ba1",
              "isHook": false,
              "skipped": false
            },
            {
              "title": "Delete a reservation",
              "fullTitle": "CREATE A RESERVATION Delete a reservation",
              "timedOut": null,
              "duration": 649,
              "state": "passed",
              "speed": "slow",
              "pass": true,
              "fail": false,
              "pending": false,
              "context": null,
              "code": "cy.authenticate().then(response => {\n  reservation.createReservationRequest();\n  reservation.deleteReservationRequest(Cypress.env().lastID);\n  reservation.performLogout();\n});",
              "err": {},
              "uuid": "264c86b8-6ed9-4a57-bb8b-c793931b1941",
              "parentUUID": "884cf1d0-18ea-4927-a332-3dd1e95c9ba1",
              "isHook": false,
              "skipped": false
            }
          ],
          "suites": [],
          "passes": [
            "816cfb2c-e0d9-4254-a08d-1e707fae7b66",
            "264c86b8-6ed9-4a57-bb8b-c793931b1941"
          ],
          "failures": [],
          "pending": [],
          "skipped": [],
          "duration": 1306,
          "root": false,
          "rootEmpty": false,
          "_timeout": 2000
        },
        {
          "uuid": "368013f7-734d-4ff3-8b64-aa7562613f56",
          "title": "CREATE ROOM",
          "fullFile": "",
          "file": "",
          "beforeHooks": [],
          "afterHooks": [],
          "tests": [
            {
              "title": "Create a room",
              "fullTitle": "CREATE ROOM Create a room",
              "timedOut": null,
              "duration": 626,
              "state": "passed",
              "speed": "slow",
              "pass": true,
              "fail": false,
              "pending": false,
              "context": null,
              "code": "cy.authenticate().then(response => {\n  room.createRoomRequest();\n  room.performLogout();\n});",
              "err": {},
              "uuid": "fb7c08d7-a4aa-4680-acda-08d05af2fac4",
              "parentUUID": "368013f7-734d-4ff3-8b64-aa7562613f56",
              "isHook": false,
              "skipped": false
            },
            {
              "title": "Delete a room",
              "fullTitle": "CREATE ROOM Delete a room",
              "timedOut": null,
              "duration": 642,
              "state": "passed",
              "speed": "slow",
              "pass": true,
              "fail": false,
              "pending": false,
              "context": null,
              "code": "cy.authenticate().then(response => {\n  room.createRoomRequest();\n  room.deleteRoomRequest(Cypress.env().lastID);\n  room.performLogout();\n});",
              "err": {},
              "uuid": "fd50bbda-1695-4e19-98c1-5936c7baf65e",
              "parentUUID": "368013f7-734d-4ff3-8b64-aa7562613f56",
              "isHook": false,
              "skipped": false
            }
          ],
          "suites": [],
          "passes": [
            "fb7c08d7-a4aa-4680-acda-08d05af2fac4",
            "fd50bbda-1695-4e19-98c1-5936c7baf65e"
          ],
          "failures": [],
          "pending": [],
          "skipped": [],
          "duration": 1268,
          "root": false,
          "rootEmpty": false,
          "_timeout": 2000
        },
        {
          "uuid": "6ebcb6b8-6df1-428d-89fa-406afcb4970e",
          "title": "DELETE CLIENT",
          "fullFile": "",
          "file": "",
          "beforeHooks": [],
          "afterHooks": [],
          "tests": [
            {
              "title": "Create a new client",
              "fullTitle": "DELETE CLIENT Create a new client",
              "timedOut": null,
              "duration": 673,
              "state": "passed",
              "speed": "slow",
              "pass": true,
              "fail": false,
              "pending": false,
              "context": null,
              "code": "cy.authenticate().then(response => {\n  client.createClientRequest();\n  client.performLogout();\n});",
              "err": {},
              "uuid": "61817c4d-a86f-4a4c-8980-1541994c2d5b",
              "parentUUID": "6ebcb6b8-6df1-428d-89fa-406afcb4970e",
              "isHook": false,
              "skipped": false
            },
            {
              "title": "Delete a client",
              "fullTitle": "DELETE CLIENT Delete a client",
              "timedOut": null,
              "duration": 645,
              "state": "passed",
              "speed": "slow",
              "pass": true,
              "fail": false,
              "pending": false,
              "context": null,
              "code": "cy.authenticate().then(response => {\n  client.createClientRequest();\n  client.deleteClientRequest(Cypress.env().lastID);\n  client.performLogout();\n});",
              "err": {},
              "uuid": "1fe1cde5-b806-4ee8-a6d8-078e09ce3709",
              "parentUUID": "6ebcb6b8-6df1-428d-89fa-406afcb4970e",
              "isHook": false,
              "skipped": false
            }
          ],
          "suites": [],
          "passes": [
            "61817c4d-a86f-4a4c-8980-1541994c2d5b",
            "1fe1cde5-b806-4ee8-a6d8-078e09ce3709"
          ],
          "failures": [],
          "pending": [],
          "skipped": [],
          "duration": 1318,
          "root": false,
          "rootEmpty": false,
          "_timeout": 2000
        },
        {
          "uuid": "32f4a5c3-34bf-43c1-9437-c7c79d2b3c35",
          "title": "DELETE BILL",
          "fullFile": "",
          "file": "",
          "beforeHooks": [],
          "afterHooks": [],
          "tests": [
            {
              "title": "Create a bill",
              "fullTitle": "DELETE BILL Create a bill",
              "timedOut": null,
              "duration": 621,
              "state": "passed",
              "speed": "slow",
              "pass": true,
              "fail": false,
              "pending": false,
              "context": null,
              "code": "cy.authenticate().then(response => {\n  bill.createBillRequest();\n  bill.performLogout();\n});",
              "err": {},
              "uuid": "fb00b38a-56e0-41cd-860b-4e8e971ce305",
              "parentUUID": "32f4a5c3-34bf-43c1-9437-c7c79d2b3c35",
              "isHook": false,
              "skipped": false
            },
            {
              "title": "Delete a bill",
              "fullTitle": "DELETE BILL Delete a bill",
              "timedOut": null,
              "duration": 618,
              "state": "passed",
              "speed": "slow",
              "pass": true,
              "fail": false,
              "pending": false,
              "context": null,
              "code": "cy.authenticate().then(response => {\n  bill.createBillRequest();\n  bill.deleteBillRequest(Cypress.env().lastID);\n  bill.performLogout();\n});",
              "err": {},
              "uuid": "9d64dc19-8ba9-4ff8-b60e-e79b89271ff7",
              "parentUUID": "32f4a5c3-34bf-43c1-9437-c7c79d2b3c35",
              "isHook": false,
              "skipped": false
            }
          ],
          "suites": [],
          "passes": [
            "fb00b38a-56e0-41cd-860b-4e8e971ce305",
            "9d64dc19-8ba9-4ff8-b60e-e79b89271ff7"
          ],
          "failures": [],
          "pending": [],
          "skipped": [],
          "duration": 1239,
          "root": false,
          "rootEmpty": false,
          "_timeout": 2000
        },
        {
          "uuid": "6a5d51fe-d571-4e3c-9ac2-2ea270350a72",
          "title": "DELETE RESERVATION",
          "fullFile": "",
          "file": "",
          "beforeHooks": [],
          "afterHooks": [],
          "tests": [
            {
              "title": "Create a reservation",
              "fullTitle": "DELETE RESERVATION Create a reservation",
              "timedOut": null,
              "duration": 668,
              "state": "passed",
              "speed": "slow",
              "pass": true,
              "fail": false,
              "pending": false,
              "context": null,
              "code": "cy.authenticate().then(response => {\n  reservation.createReservationRequest();\n  reservation.performLogout();\n});",
              "err": {},
              "uuid": "2571081c-7847-4b33-a1e6-102f616c16bd",
              "parentUUID": "6a5d51fe-d571-4e3c-9ac2-2ea270350a72",
              "isHook": false,
              "skipped": false
            },
            {
              "title": "Delete a reservation",
              "fullTitle": "DELETE RESERVATION Delete a reservation",
              "timedOut": null,
              "duration": 653,
              "state": "passed",
              "speed": "slow",
              "pass": true,
              "fail": false,
              "pending": false,
              "context": null,
              "code": "cy.authenticate().then(response => {\n  reservation.createReservationRequest();\n  reservation.deleteReservationRequest(Cypress.env().lastID);\n  reservation.performLogout();\n});",
              "err": {},
              "uuid": "ce65866e-3a8a-4e35-830d-6b7f90d93d1d",
              "parentUUID": "6a5d51fe-d571-4e3c-9ac2-2ea270350a72",
              "isHook": false,
              "skipped": false
            }
          ],
          "suites": [],
          "passes": [
            "2571081c-7847-4b33-a1e6-102f616c16bd",
            "ce65866e-3a8a-4e35-830d-6b7f90d93d1d"
          ],
          "failures": [],
          "pending": [],
          "skipped": [],
          "duration": 1321,
          "root": false,
          "rootEmpty": false,
          "_timeout": 2000
        },
        {
          "uuid": "fd3c0480-863f-4909-80d9-9d9f19d7b5e9",
          "title": "DELETE ROOM",
          "fullFile": "",
          "file": "",
          "beforeHooks": [],
          "afterHooks": [],
          "tests": [
            {
              "title": "Create a room",
              "fullTitle": "DELETE ROOM Create a room",
              "timedOut": null,
              "duration": 672,
              "state": "passed",
              "speed": "slow",
              "pass": true,
              "fail": false,
              "pending": false,
              "context": null,
              "code": "cy.authenticate().then(response => {\n  room.createRoomRequest();\n  room.performLogout();\n});",
              "err": {},
              "uuid": "4df5f2c6-115f-4a2e-b67e-0db8aa8d15b3",
              "parentUUID": "fd3c0480-863f-4909-80d9-9d9f19d7b5e9",
              "isHook": false,
              "skipped": false
            },
            {
              "title": "Delete a room",
              "fullTitle": "DELETE ROOM Delete a room",
              "timedOut": null,
              "duration": 730,
              "state": "passed",
              "speed": "slow",
              "pass": true,
              "fail": false,
              "pending": false,
              "context": null,
              "code": "cy.authenticate().then(response => {\n  room.createRoomRequest();\n  room.deleteRoomRequest(Cypress.env().lastID);\n  room.performLogout();\n});",
              "err": {},
              "uuid": "1a37bd13-7365-471f-b984-6c7bc9ce7ad7",
              "parentUUID": "fd3c0480-863f-4909-80d9-9d9f19d7b5e9",
              "isHook": false,
              "skipped": false
            }
          ],
          "suites": [],
          "passes": [
            "4df5f2c6-115f-4a2e-b67e-0db8aa8d15b3",
            "1a37bd13-7365-471f-b984-6c7bc9ce7ad7"
          ],
          "failures": [],
          "pending": [],
          "skipped": [],
          "duration": 1402,
          "root": false,
          "rootEmpty": false,
          "_timeout": 2000
        },
        {
          "uuid": "6bd329bc-4694-4ce9-be1f-37a2663b1d00",
          "title": "LOG IN",
          "fullFile": "",
          "file": "",
          "beforeHooks": [],
          "afterHooks": [],
          "tests": [
            {
              "title": "login",
              "fullTitle": "LOG IN login",
              "timedOut": null,
              "duration": 653,
              "state": "passed",
              "speed": "slow",
              "pass": true,
              "fail": false,
              "pending": false,
              "context": null,
              "code": "cy.authenticate().then(response => {\n  login.performLogout();\n});",
              "err": {},
              "uuid": "3d140ddc-07c0-4b11-bdb2-a42724fc97e4",
              "parentUUID": "6bd329bc-4694-4ce9-be1f-37a2663b1d00",
              "isHook": false,
              "skipped": false
            }
          ],
          "suites": [],
          "passes": [
            "3d140ddc-07c0-4b11-bdb2-a42724fc97e4"
          ],
          "failures": [],
          "pending": [],
          "skipped": [],
          "duration": 653,
          "root": false,
          "rootEmpty": false,
          "_timeout": 2000
        },
        {
          "uuid": "b5777787-8fe2-476c-b179-542f99947658",
          "title": "LOG OUT",
          "fullFile": "",
          "file": "",
          "beforeHooks": [],
          "afterHooks": [],
          "tests": [
            {
              "title": "logout",
              "fullTitle": "LOG OUT logout",
              "timedOut": null,
              "duration": 667,
              "state": "passed",
              "speed": "slow",
              "pass": true,
              "fail": false,
              "pending": false,
              "context": null,
              "code": "cy.authenticate().then(response => {\n  login.performLogout();\n});",
              "err": {},
              "uuid": "3edfaccc-e726-44a4-8b9b-91b43dd673d5",
              "parentUUID": "b5777787-8fe2-476c-b179-542f99947658",
              "isHook": false,
              "skipped": false
            }
          ],
          "suites": [],
          "passes": [
            "3edfaccc-e726-44a4-8b9b-91b43dd673d5"
          ],
          "failures": [],
          "pending": [],
          "skipped": [],
          "duration": 667,
          "root": false,
          "rootEmpty": false,
          "_timeout": 2000
        },
        {
          "uuid": "54009128-34aa-4d22-b3a7-3ac2ca4ee9c6",
          "title": "EDIT CLIENT",
          "fullFile": "",
          "file": "",
          "beforeHooks": [],
          "afterHooks": [],
          "tests": [
            {
              "title": "EDIT CLIENT",
              "fullTitle": "EDIT CLIENT EDIT CLIENT",
              "timedOut": null,
              "duration": 827,
              "state": "passed",
              "speed": "slow",
              "pass": true,
              "fail": false,
              "pending": false,
              "context": null,
              "code": "cy.authenticate().then(() => {\n  client.createClientRequest();\n  client.editClientRequest();\n  client.performLogout();\n});",
              "err": {},
              "uuid": "7981752e-3421-49db-a1c4-f998cd257ed9",
              "parentUUID": "54009128-34aa-4d22-b3a7-3ac2ca4ee9c6",
              "isHook": false,
              "skipped": false
            }
          ],
          "suites": [],
          "passes": [
            "7981752e-3421-49db-a1c4-f998cd257ed9"
          ],
          "failures": [],
          "pending": [],
          "skipped": [],
          "duration": 827,
          "root": false,
          "rootEmpty": false,
          "_timeout": 2000
        }
      ],
      "passes": [],
      "failures": [],
      "pending": [],
      "skipped": [],
      "duration": 0,
      "root": true,
      "rootEmpty": true,
      "_timeout": 2000
    }
  ],
  "meta": {
    "mocha": {
      "version": "7.0.1"
    },
    "mochawesome": {
      "options": {
        "quiet": false,
        "reportFilename": "mochawesome",
        "saveHtml": true,
        "saveJson": true,
        "consoleReporter": "spec",
        "useInlineDiffs": false,
        "code": true
      },
      "version": "6.2.2"
    },
    "marge": {
      "options": {
        "reportDir": "cypress/report",
        "overwrite": true,
        "html": true,
        "json": true,
        "timestamp": "mmddyyyy_HHMMss"
      },
      "version": "5.2.0"
    }
  }
}