{
  "stats": {
    "suites": 12,
    "tests": 20,
    "passes": 20,
    "pending": 0,
    "failures": 0,
    "start": "2021-05-27T13:09:54.247Z",
    "end": "2021-05-27T13:10:09.771Z",
    "duration": 15524,
    "testsRegistered": 20,
    "passPercent": 100,
    "pendingPercent": 0,
    "other": 0,
    "hasOther": false,
    "skipped": 0,
    "hasSkipped": false
  },
  "results": [
    {
      "uuid": "921480ca-3893-488d-9078-2735587d7f26",
      "title": "",
      "fullFile": "cypress/integration/cytest.spec.js",
      "file": "cypress/integration/cytest.spec.js",
      "beforeHooks": [],
      "afterHooks": [],
      "tests": [],
      "suites": [
        {
          "uuid": "0d3ecad4-bb52-4dc0-8bf8-995f791d47bd",
          "title": "CREATE A CLIENT",
          "fullFile": "",
          "file": "",
          "beforeHooks": [],
          "afterHooks": [],
          "tests": [
            {
              "title": "Create a new client",
              "fullTitle": "CREATE A CLIENT Create a new client",
              "timedOut": null,
              "duration": 1116,
              "state": "passed",
              "speed": "slow",
              "pass": true,
              "fail": false,
              "pending": false,
              "context": null,
              "code": "cy.authenticate().then(response => {\n  client.createClientRequest();\n  client.performLogout();\n});",
              "err": {},
              "uuid": "689eea79-110b-4111-ac44-b0b7686a7f67",
              "parentUUID": "0d3ecad4-bb52-4dc0-8bf8-995f791d47bd",
              "isHook": false,
              "skipped": false
            },
            {
              "title": "Delete a client",
              "fullTitle": "CREATE A CLIENT Delete a client",
              "timedOut": null,
              "duration": 907,
              "state": "passed",
              "speed": "slow",
              "pass": true,
              "fail": false,
              "pending": false,
              "context": null,
              "code": "cy.authenticate().then(response => {\n  client.createClientRequest();\n  client.deleteClientRequest(Cypress.env().lastID);\n  client.performLogout();\n});",
              "err": {},
              "uuid": "5b85a0cb-779a-4ba6-a6c6-a356e848e477",
              "parentUUID": "0d3ecad4-bb52-4dc0-8bf8-995f791d47bd",
              "isHook": false,
              "skipped": false
            }
          ],
          "suites": [],
          "passes": [
            "689eea79-110b-4111-ac44-b0b7686a7f67",
            "5b85a0cb-779a-4ba6-a6c6-a356e848e477"
          ],
          "failures": [],
          "pending": [],
          "skipped": [],
          "duration": 2023,
          "root": false,
          "rootEmpty": false,
          "_timeout": 2000
        },
        {
          "uuid": "900bea29-aa11-420e-abda-9f71affc3863",
          "title": "CREATE A BILL",
          "fullFile": "",
          "file": "",
          "beforeHooks": [],
          "afterHooks": [],
          "tests": [
            {
              "title": "Create a bill",
              "fullTitle": "CREATE A BILL Create a bill",
              "timedOut": null,
              "duration": 843,
              "state": "passed",
              "speed": "slow",
              "pass": true,
              "fail": false,
              "pending": false,
              "context": null,
              "code": "cy.authenticate().then(response => {\n  bill.createBillRequest();\n  bill.performLogout();\n});",
              "err": {},
              "uuid": "b5f3150b-eab5-4ddc-8b73-a4e70b4c93b2",
              "parentUUID": "900bea29-aa11-420e-abda-9f71affc3863",
              "isHook": false,
              "skipped": false
            },
            {
              "title": "Delete a bill",
              "fullTitle": "CREATE A BILL Delete a bill",
              "timedOut": null,
              "duration": 925,
              "state": "passed",
              "speed": "slow",
              "pass": true,
              "fail": false,
              "pending": false,
              "context": null,
              "code": "cy.authenticate().then(response => {\n  bill.createBillRequest();\n  bill.deleteBillRequest(Cypress.env().lastID);\n  bill.performLogout();\n});",
              "err": {},
              "uuid": "728753b0-5270-488c-bb2c-508dbcf982e7",
              "parentUUID": "900bea29-aa11-420e-abda-9f71affc3863",
              "isHook": false,
              "skipped": false
            }
          ],
          "suites": [],
          "passes": [
            "b5f3150b-eab5-4ddc-8b73-a4e70b4c93b2",
            "728753b0-5270-488c-bb2c-508dbcf982e7"
          ],
          "failures": [],
          "pending": [],
          "skipped": [],
          "duration": 1768,
          "root": false,
          "rootEmpty": false,
          "_timeout": 2000
        },
        {
          "uuid": "979f2265-ad29-4b58-a0a8-d6e7c3e6c3f9",
          "title": "CREATE A RESERVATION",
          "fullFile": "",
          "file": "",
          "beforeHooks": [],
          "afterHooks": [],
          "tests": [
            {
              "title": "Create a reservation",
              "fullTitle": "CREATE A RESERVATION Create a reservation",
              "timedOut": null,
              "duration": 812,
              "state": "passed",
              "speed": "slow",
              "pass": true,
              "fail": false,
              "pending": false,
              "context": null,
              "code": "cy.authenticate().then(response => {\n  reservation.createReservationRequest();\n  reservation.performLogout();\n});",
              "err": {},
              "uuid": "90b67716-9849-4adc-9ba0-46dbf8db4f80",
              "parentUUID": "979f2265-ad29-4b58-a0a8-d6e7c3e6c3f9",
              "isHook": false,
              "skipped": false
            },
            {
              "title": "Delete a reservation",
              "fullTitle": "CREATE A RESERVATION Delete a reservation",
              "timedOut": null,
              "duration": 689,
              "state": "passed",
              "speed": "slow",
              "pass": true,
              "fail": false,
              "pending": false,
              "context": null,
              "code": "cy.authenticate().then(response => {\n  reservation.createReservationRequest();\n  reservation.deleteReservationRequest(Cypress.env().lastID);\n  reservation.performLogout();\n});",
              "err": {},
              "uuid": "99e1e5e1-1ecd-40e5-8919-9a4af5b03d2f",
              "parentUUID": "979f2265-ad29-4b58-a0a8-d6e7c3e6c3f9",
              "isHook": false,
              "skipped": false
            }
          ],
          "suites": [],
          "passes": [
            "90b67716-9849-4adc-9ba0-46dbf8db4f80",
            "99e1e5e1-1ecd-40e5-8919-9a4af5b03d2f"
          ],
          "failures": [],
          "pending": [],
          "skipped": [],
          "duration": 1501,
          "root": false,
          "rootEmpty": false,
          "_timeout": 2000
        },
        {
          "uuid": "3a2d78cd-3760-40f8-903e-e02a81ca8b06",
          "title": "CREATE ROOM",
          "fullFile": "",
          "file": "",
          "beforeHooks": [],
          "afterHooks": [],
          "tests": [
            {
              "title": "Create a room",
              "fullTitle": "CREATE ROOM Create a room",
              "timedOut": null,
              "duration": 733,
              "state": "passed",
              "speed": "slow",
              "pass": true,
              "fail": false,
              "pending": false,
              "context": null,
              "code": "cy.authenticate().then(response => {\n  room.createRoomRequest();\n  room.performLogout();\n});",
              "err": {},
              "uuid": "6b1d5f62-3c17-4c4f-b9cf-f06097bb69c5",
              "parentUUID": "3a2d78cd-3760-40f8-903e-e02a81ca8b06",
              "isHook": false,
              "skipped": false
            },
            {
              "title": "Delete a room",
              "fullTitle": "CREATE ROOM Delete a room",
              "timedOut": null,
              "duration": 679,
              "state": "passed",
              "speed": "slow",
              "pass": true,
              "fail": false,
              "pending": false,
              "context": null,
              "code": "cy.authenticate().then(response => {\n  room.createRoomRequest();\n  room.deleteRoomRequest(Cypress.env().lastID);\n  room.performLogout();\n});",
              "err": {},
              "uuid": "b075c45c-c6bb-4df0-9de3-5f79904ac431",
              "parentUUID": "3a2d78cd-3760-40f8-903e-e02a81ca8b06",
              "isHook": false,
              "skipped": false
            }
          ],
          "suites": [],
          "passes": [
            "6b1d5f62-3c17-4c4f-b9cf-f06097bb69c5",
            "b075c45c-c6bb-4df0-9de3-5f79904ac431"
          ],
          "failures": [],
          "pending": [],
          "skipped": [],
          "duration": 1412,
          "root": false,
          "rootEmpty": false,
          "_timeout": 2000
        },
        {
          "uuid": "2910a726-e166-4c9c-b45e-5fcdc7a7921e",
          "title": "DELETE CLIENT",
          "fullFile": "",
          "file": "",
          "beforeHooks": [],
          "afterHooks": [],
          "tests": [
            {
              "title": "Create a new client",
              "fullTitle": "DELETE CLIENT Create a new client",
              "timedOut": null,
              "duration": 755,
              "state": "passed",
              "speed": "slow",
              "pass": true,
              "fail": false,
              "pending": false,
              "context": null,
              "code": "cy.authenticate().then(response => {\n  client.createClientRequest();\n  client.performLogout();\n});",
              "err": {},
              "uuid": "f49d3b45-7fd2-4cb3-adb0-05c34c39c141",
              "parentUUID": "2910a726-e166-4c9c-b45e-5fcdc7a7921e",
              "isHook": false,
              "skipped": false
            },
            {
              "title": "Delete a client",
              "fullTitle": "DELETE CLIENT Delete a client",
              "timedOut": null,
              "duration": 723,
              "state": "passed",
              "speed": "slow",
              "pass": true,
              "fail": false,
              "pending": false,
              "context": null,
              "code": "cy.authenticate().then(response => {\n  client.createClientRequest();\n  client.deleteClientRequest(Cypress.env().lastID);\n  client.performLogout();\n});",
              "err": {},
              "uuid": "efdcbb5d-19d9-4c24-a31f-385c075759b4",
              "parentUUID": "2910a726-e166-4c9c-b45e-5fcdc7a7921e",
              "isHook": false,
              "skipped": false
            }
          ],
          "suites": [],
          "passes": [
            "f49d3b45-7fd2-4cb3-adb0-05c34c39c141",
            "efdcbb5d-19d9-4c24-a31f-385c075759b4"
          ],
          "failures": [],
          "pending": [],
          "skipped": [],
          "duration": 1478,
          "root": false,
          "rootEmpty": false,
          "_timeout": 2000
        },
        {
          "uuid": "95b109bc-8aeb-4871-841e-8f80eb4bd799",
          "title": "DELETE BILL",
          "fullFile": "",
          "file": "",
          "beforeHooks": [],
          "afterHooks": [],
          "tests": [
            {
              "title": "Create a bill",
              "fullTitle": "DELETE BILL Create a bill",
              "timedOut": null,
              "duration": 685,
              "state": "passed",
              "speed": "slow",
              "pass": true,
              "fail": false,
              "pending": false,
              "context": null,
              "code": "cy.authenticate().then(response => {\n  bill.createBillRequest();\n  bill.performLogout();\n});",
              "err": {},
              "uuid": "4eccef61-b7c8-4932-9719-9347d39ed2a1",
              "parentUUID": "95b109bc-8aeb-4871-841e-8f80eb4bd799",
              "isHook": false,
              "skipped": false
            },
            {
              "title": "Delete a bill",
              "fullTitle": "DELETE BILL Delete a bill",
              "timedOut": null,
              "duration": 725,
              "state": "passed",
              "speed": "slow",
              "pass": true,
              "fail": false,
              "pending": false,
              "context": null,
              "code": "cy.authenticate().then(response => {\n  bill.createBillRequest();\n  bill.deleteBillRequest(Cypress.env().lastID);\n  bill.performLogout();\n});",
              "err": {},
              "uuid": "e2dc1771-954a-4d32-980f-c0a080834fd5",
              "parentUUID": "95b109bc-8aeb-4871-841e-8f80eb4bd799",
              "isHook": false,
              "skipped": false
            }
          ],
          "suites": [],
          "passes": [
            "4eccef61-b7c8-4932-9719-9347d39ed2a1",
            "e2dc1771-954a-4d32-980f-c0a080834fd5"
          ],
          "failures": [],
          "pending": [],
          "skipped": [],
          "duration": 1410,
          "root": false,
          "rootEmpty": false,
          "_timeout": 2000
        },
        {
          "uuid": "0c649c92-a40c-4531-b0b7-970706887550",
          "title": "DELETE RESERVATION",
          "fullFile": "",
          "file": "",
          "beforeHooks": [],
          "afterHooks": [],
          "tests": [
            {
              "title": "Create a reservation",
              "fullTitle": "DELETE RESERVATION Create a reservation",
              "timedOut": null,
              "duration": 756,
              "state": "passed",
              "speed": "slow",
              "pass": true,
              "fail": false,
              "pending": false,
              "context": null,
              "code": "cy.authenticate().then(response => {\n  reservation.createReservationRequest();\n  reservation.performLogout();\n});",
              "err": {},
              "uuid": "4416695a-1c16-4bcc-82d0-d67e728f183f",
              "parentUUID": "0c649c92-a40c-4531-b0b7-970706887550",
              "isHook": false,
              "skipped": false
            },
            {
              "title": "Delete a reservation",
              "fullTitle": "DELETE RESERVATION Delete a reservation",
              "timedOut": null,
              "duration": 697,
              "state": "passed",
              "speed": "slow",
              "pass": true,
              "fail": false,
              "pending": false,
              "context": null,
              "code": "cy.authenticate().then(response => {\n  reservation.createReservationRequest();\n  reservation.deleteReservationRequest(Cypress.env().lastID);\n  reservation.performLogout();\n});",
              "err": {},
              "uuid": "657203df-cf07-47c1-87a3-7fa3258e66b9",
              "parentUUID": "0c649c92-a40c-4531-b0b7-970706887550",
              "isHook": false,
              "skipped": false
            }
          ],
          "suites": [],
          "passes": [
            "4416695a-1c16-4bcc-82d0-d67e728f183f",
            "657203df-cf07-47c1-87a3-7fa3258e66b9"
          ],
          "failures": [],
          "pending": [],
          "skipped": [],
          "duration": 1453,
          "root": false,
          "rootEmpty": false,
          "_timeout": 2000
        },
        {
          "uuid": "e6a80f78-9379-4335-882e-c41ae242b516",
          "title": "DELETE ROOM",
          "fullFile": "",
          "file": "",
          "beforeHooks": [],
          "afterHooks": [],
          "tests": [
            {
              "title": "Create a room",
              "fullTitle": "DELETE ROOM Create a room",
              "timedOut": null,
              "duration": 643,
              "state": "passed",
              "speed": "slow",
              "pass": true,
              "fail": false,
              "pending": false,
              "context": null,
              "code": "cy.authenticate().then(response => {\n  room.createRoomRequest();\n  room.performLogout();\n});",
              "err": {},
              "uuid": "8f1a1eb9-c7aa-499d-8740-02900fb32699",
              "parentUUID": "e6a80f78-9379-4335-882e-c41ae242b516",
              "isHook": false,
              "skipped": false
            },
            {
              "title": "Delete a room",
              "fullTitle": "DELETE ROOM Delete a room",
              "timedOut": null,
              "duration": 740,
              "state": "passed",
              "speed": "slow",
              "pass": true,
              "fail": false,
              "pending": false,
              "context": null,
              "code": "cy.authenticate().then(response => {\n  room.createRoomRequest();\n  room.deleteRoomRequest(Cypress.env().lastID);\n  room.performLogout();\n});",
              "err": {},
              "uuid": "0337ca8e-eb4e-4e71-b123-52a267b3c4ae",
              "parentUUID": "e6a80f78-9379-4335-882e-c41ae242b516",
              "isHook": false,
              "skipped": false
            }
          ],
          "suites": [],
          "passes": [
            "8f1a1eb9-c7aa-499d-8740-02900fb32699",
            "0337ca8e-eb4e-4e71-b123-52a267b3c4ae"
          ],
          "failures": [],
          "pending": [],
          "skipped": [],
          "duration": 1383,
          "root": false,
          "rootEmpty": false,
          "_timeout": 2000
        },
        {
          "uuid": "88593478-b68a-4f23-96e8-3337e368116e",
          "title": "LOG IN",
          "fullFile": "",
          "file": "",
          "beforeHooks": [],
          "afterHooks": [],
          "tests": [
            {
              "title": "login",
              "fullTitle": "LOG IN login",
              "timedOut": null,
              "duration": 642,
              "state": "passed",
              "speed": "slow",
              "pass": true,
              "fail": false,
              "pending": false,
              "context": null,
              "code": "cy.authenticate().then(response => {\n  login.performLogout();\n});",
              "err": {},
              "uuid": "b5153748-53dd-44ee-9acc-3c6537ca498d",
              "parentUUID": "88593478-b68a-4f23-96e8-3337e368116e",
              "isHook": false,
              "skipped": false
            }
          ],
          "suites": [],
          "passes": [
            "b5153748-53dd-44ee-9acc-3c6537ca498d"
          ],
          "failures": [],
          "pending": [],
          "skipped": [],
          "duration": 642,
          "root": false,
          "rootEmpty": false,
          "_timeout": 2000
        },
        {
          "uuid": "be03bdfc-1dfd-40e1-9671-5c1e65c226d3",
          "title": "LOG OUT",
          "fullFile": "",
          "file": "",
          "beforeHooks": [],
          "afterHooks": [],
          "tests": [
            {
              "title": "logout",
              "fullTitle": "LOG OUT logout",
              "timedOut": null,
              "duration": 671,
              "state": "passed",
              "speed": "slow",
              "pass": true,
              "fail": false,
              "pending": false,
              "context": null,
              "code": "cy.authenticate().then(response => {\n  login.performLogout();\n});",
              "err": {},
              "uuid": "f7728909-b1db-4ed3-8bce-b25184451476",
              "parentUUID": "be03bdfc-1dfd-40e1-9671-5c1e65c226d3",
              "isHook": false,
              "skipped": false
            }
          ],
          "suites": [],
          "passes": [
            "f7728909-b1db-4ed3-8bce-b25184451476"
          ],
          "failures": [],
          "pending": [],
          "skipped": [],
          "duration": 671,
          "root": false,
          "rootEmpty": false,
          "_timeout": 2000
        },
        {
          "uuid": "45df827e-2722-4788-8eb9-8329dc8f2676",
          "title": "EDIT CLIENT",
          "fullFile": "",
          "file": "",
          "beforeHooks": [],
          "afterHooks": [],
          "tests": [
            {
              "title": "EDIT CLIENT",
              "fullTitle": "EDIT CLIENT EDIT CLIENT",
              "timedOut": null,
              "duration": 694,
              "state": "passed",
              "speed": "slow",
              "pass": true,
              "fail": false,
              "pending": false,
              "context": null,
              "code": "cy.authenticate().then(() => {\n  client.createClientRequest();\n  client.editClientRequest();\n  client.performLogout();\n});",
              "err": {},
              "uuid": "47c37ffb-7949-41b2-b8c9-91952b21f85a",
              "parentUUID": "45df827e-2722-4788-8eb9-8329dc8f2676",
              "isHook": false,
              "skipped": false
            }
          ],
          "suites": [],
          "passes": [
            "47c37ffb-7949-41b2-b8c9-91952b21f85a"
          ],
          "failures": [],
          "pending": [],
          "skipped": [],
          "duration": 694,
          "root": false,
          "rootEmpty": false,
          "_timeout": 2000
        },
        {
          "uuid": "0162c494-f2be-43e8-bb00-d1ef3da4baff",
          "title": "EDIT CLIENT2",
          "fullFile": "",
          "file": "",
          "beforeHooks": [],
          "afterHooks": [],
          "tests": [
            {
              "title": "EDIT CLIENT2",
              "fullTitle": "EDIT CLIENT2 EDIT CLIENT2",
              "timedOut": null,
              "duration": 728,
              "state": "passed",
              "speed": "slow",
              "pass": true,
              "fail": false,
              "pending": false,
              "context": null,
              "code": "cy.authenticate().then(() => {\n  client.createClientRequest();\n  client.editClientRequest2();\n  client.performLogout();\n});",
              "err": {},
              "uuid": "e9e9c00f-93ae-4c03-bc11-b23c351bc66f",
              "parentUUID": "0162c494-f2be-43e8-bb00-d1ef3da4baff",
              "isHook": false,
              "skipped": false
            }
          ],
          "suites": [],
          "passes": [
            "e9e9c00f-93ae-4c03-bc11-b23c351bc66f"
          ],
          "failures": [],
          "pending": [],
          "skipped": [],
          "duration": 728,
          "root": false,
          "rootEmpty": false,
          "_timeout": 2000
        }
      ],
      "passes": [],
      "failures": [],
      "pending": [],
      "skipped": [],
      "duration": 0,
      "root": true,
      "rootEmpty": true,
      "_timeout": 2000
    }
  ],
  "meta": {
    "mocha": {
      "version": "7.0.1"
    },
    "mochawesome": {
      "options": {
        "quiet": false,
        "reportFilename": "mochawesome",
        "saveHtml": true,
        "saveJson": true,
        "consoleReporter": "spec",
        "useInlineDiffs": false,
        "code": true
      },
      "version": "6.2.2"
    },
    "marge": {
      "options": {
        "reportDir": "cypress/report",
        "overwrite": true,
        "html": true,
        "json": true,
        "timestamp": "mmddyyyy_HHMMss"
      },
      "version": "5.2.0"
    }
  }
}