{
  "stats": {
    "suites": 10,
    "tests": 18,
    "passes": 18,
    "pending": 0,
    "failures": 0,
    "start": "2021-05-27T08:09:56.185Z",
    "end": "2021-05-27T08:10:07.802Z",
    "duration": 11617,
    "testsRegistered": 18,
    "passPercent": 100,
    "pendingPercent": 0,
    "other": 0,
    "hasOther": false,
    "skipped": 0,
    "hasSkipped": false
  },
  "results": [
    {
      "uuid": "abc1f22e-8efc-448e-b26d-abc91e8e879f",
      "title": "",
      "fullFile": "cypress/integration/cytest.spec.js",
      "file": "cypress/integration/cytest.spec.js",
      "beforeHooks": [],
      "afterHooks": [],
      "tests": [],
      "suites": [
        {
          "uuid": "38f2bfa1-f570-4df2-b938-7a4af00eb3d3",
          "title": "CREATE A CLIENT",
          "fullFile": "",
          "file": "",
          "beforeHooks": [],
          "afterHooks": [],
          "tests": [
            {
              "title": "Create a new client",
              "fullTitle": "CREATE A CLIENT Create a new client",
              "timedOut": null,
              "duration": 635,
              "state": "passed",
              "speed": "slow",
              "pass": true,
              "fail": false,
              "pending": false,
              "context": null,
              "code": "cy.authenticate().then(response => {\n  client.createClientRequest();\n  client.performLogout();\n});",
              "err": {},
              "uuid": "48472d3d-4000-40e8-b4b5-d7ec03acc630",
              "parentUUID": "38f2bfa1-f570-4df2-b938-7a4af00eb3d3",
              "isHook": false,
              "skipped": false
            },
            {
              "title": "Delete a client",
              "fullTitle": "CREATE A CLIENT Delete a client",
              "timedOut": null,
              "duration": 1243,
              "state": "passed",
              "speed": "slow",
              "pass": true,
              "fail": false,
              "pending": false,
              "context": null,
              "code": "cy.authenticate().then(response => {\n  client.createClientRequest();\n  client.deleteClientRequest(Cypress.env().lastID);\n  client.performLogout();\n});",
              "err": {},
              "uuid": "1032a7bd-c13b-4558-97d7-c9d474cb2a26",
              "parentUUID": "38f2bfa1-f570-4df2-b938-7a4af00eb3d3",
              "isHook": false,
              "skipped": false
            }
          ],
          "suites": [],
          "passes": [
            "48472d3d-4000-40e8-b4b5-d7ec03acc630",
            "1032a7bd-c13b-4558-97d7-c9d474cb2a26"
          ],
          "failures": [],
          "pending": [],
          "skipped": [],
          "duration": 1878,
          "root": false,
          "rootEmpty": false,
          "_timeout": 2000
        },
        {
          "uuid": "6b395c02-8733-4428-9b4d-20bec1a875d2",
          "title": "CREATE A BILL",
          "fullFile": "",
          "file": "",
          "beforeHooks": [],
          "afterHooks": [],
          "tests": [
            {
              "title": "Create a bill",
              "fullTitle": "CREATE A BILL Create a bill",
              "timedOut": null,
              "duration": 754,
              "state": "passed",
              "speed": "slow",
              "pass": true,
              "fail": false,
              "pending": false,
              "context": null,
              "code": "cy.authenticate().then(response => {\n  bill.createBillRequest();\n  bill.performLogout();\n});",
              "err": {},
              "uuid": "e4e06046-95ed-4ff0-8100-8eadc9a14fac",
              "parentUUID": "6b395c02-8733-4428-9b4d-20bec1a875d2",
              "isHook": false,
              "skipped": false
            },
            {
              "title": "Delete a bill",
              "fullTitle": "CREATE A BILL Delete a bill",
              "timedOut": null,
              "duration": 620,
              "state": "passed",
              "speed": "slow",
              "pass": true,
              "fail": false,
              "pending": false,
              "context": null,
              "code": "cy.authenticate().then(response => {\n  bill.createBillRequest();\n  bill.deleteBillRequest(Cypress.env().lastID);\n  bill.performLogout();\n});",
              "err": {},
              "uuid": "dd94526a-64c0-4474-ad6d-75137e165a4e",
              "parentUUID": "6b395c02-8733-4428-9b4d-20bec1a875d2",
              "isHook": false,
              "skipped": false
            }
          ],
          "suites": [],
          "passes": [
            "e4e06046-95ed-4ff0-8100-8eadc9a14fac",
            "dd94526a-64c0-4474-ad6d-75137e165a4e"
          ],
          "failures": [],
          "pending": [],
          "skipped": [],
          "duration": 1374,
          "root": false,
          "rootEmpty": false,
          "_timeout": 2000
        },
        {
          "uuid": "ffcf5211-84a7-4ae6-9617-8d683e292bff",
          "title": "CREATE A RESERVATION",
          "fullFile": "",
          "file": "",
          "beforeHooks": [],
          "afterHooks": [],
          "tests": [
            {
              "title": "Create a reservation",
              "fullTitle": "CREATE A RESERVATION Create a reservation",
              "timedOut": null,
              "duration": 595,
              "state": "passed",
              "speed": "slow",
              "pass": true,
              "fail": false,
              "pending": false,
              "context": null,
              "code": "cy.authenticate().then(response => {\n  reservation.createReservationRequest();\n  reservation.performLogout();\n});",
              "err": {},
              "uuid": "c80f07a5-e3ca-47b7-9f0b-fab11d227c21",
              "parentUUID": "ffcf5211-84a7-4ae6-9617-8d683e292bff",
              "isHook": false,
              "skipped": false
            },
            {
              "title": "Delete a reservation",
              "fullTitle": "CREATE A RESERVATION Delete a reservation",
              "timedOut": null,
              "duration": 602,
              "state": "passed",
              "speed": "slow",
              "pass": true,
              "fail": false,
              "pending": false,
              "context": null,
              "code": "cy.authenticate().then(response => {\n  reservation.createReservationRequest();\n  reservation.deleteReservationRequest(Cypress.env().lastID);\n  reservation.performLogout();\n});",
              "err": {},
              "uuid": "6b60c967-10c4-4e6d-a5db-5bb0f7393301",
              "parentUUID": "ffcf5211-84a7-4ae6-9617-8d683e292bff",
              "isHook": false,
              "skipped": false
            }
          ],
          "suites": [],
          "passes": [
            "c80f07a5-e3ca-47b7-9f0b-fab11d227c21",
            "6b60c967-10c4-4e6d-a5db-5bb0f7393301"
          ],
          "failures": [],
          "pending": [],
          "skipped": [],
          "duration": 1197,
          "root": false,
          "rootEmpty": false,
          "_timeout": 2000
        },
        {
          "uuid": "4aa94463-b377-4a07-a6b0-1de199afda26",
          "title": "CREATE ROOM",
          "fullFile": "",
          "file": "",
          "beforeHooks": [],
          "afterHooks": [],
          "tests": [
            {
              "title": "Create a room",
              "fullTitle": "CREATE ROOM Create a room",
              "timedOut": null,
              "duration": 575,
              "state": "passed",
              "speed": "slow",
              "pass": true,
              "fail": false,
              "pending": false,
              "context": null,
              "code": "cy.authenticate().then(response => {\n  room.createRoomRequest();\n  room.performLogout();\n});",
              "err": {},
              "uuid": "5adb193a-5f96-43e1-983e-aba2060be005",
              "parentUUID": "4aa94463-b377-4a07-a6b0-1de199afda26",
              "isHook": false,
              "skipped": false
            },
            {
              "title": "Delete a room",
              "fullTitle": "CREATE ROOM Delete a room",
              "timedOut": null,
              "duration": 573,
              "state": "passed",
              "speed": "slow",
              "pass": true,
              "fail": false,
              "pending": false,
              "context": null,
              "code": "cy.authenticate().then(response => {\n  room.createRoomRequest();\n  room.deleteRoomRequest(Cypress.env().lastID);\n  room.performLogout();\n});",
              "err": {},
              "uuid": "bb08d045-2b04-45ae-94b7-57a585078d35",
              "parentUUID": "4aa94463-b377-4a07-a6b0-1de199afda26",
              "isHook": false,
              "skipped": false
            }
          ],
          "suites": [],
          "passes": [
            "5adb193a-5f96-43e1-983e-aba2060be005",
            "bb08d045-2b04-45ae-94b7-57a585078d35"
          ],
          "failures": [],
          "pending": [],
          "skipped": [],
          "duration": 1148,
          "root": false,
          "rootEmpty": false,
          "_timeout": 2000
        },
        {
          "uuid": "6d7e3d74-2ff6-4f1a-8f31-f73b869312e0",
          "title": "DELETE CLIENT",
          "fullFile": "",
          "file": "",
          "beforeHooks": [],
          "afterHooks": [],
          "tests": [
            {
              "title": "Create a new client",
              "fullTitle": "DELETE CLIENT Create a new client",
              "timedOut": null,
              "duration": 598,
              "state": "passed",
              "speed": "slow",
              "pass": true,
              "fail": false,
              "pending": false,
              "context": null,
              "code": "cy.authenticate().then(response => {\n  client.createClientRequest();\n  client.performLogout();\n});",
              "err": {},
              "uuid": "60f67396-f544-4164-a21b-9637c117d77f",
              "parentUUID": "6d7e3d74-2ff6-4f1a-8f31-f73b869312e0",
              "isHook": false,
              "skipped": false
            },
            {
              "title": "Delete a client",
              "fullTitle": "DELETE CLIENT Delete a client",
              "timedOut": null,
              "duration": 604,
              "state": "passed",
              "speed": "slow",
              "pass": true,
              "fail": false,
              "pending": false,
              "context": null,
              "code": "cy.authenticate().then(response => {\n  client.createClientRequest();\n  client.deleteClientRequest(Cypress.env().lastID);\n  client.performLogout();\n});",
              "err": {},
              "uuid": "a02499a7-d7f1-4a07-ba0b-b9d84f6501fe",
              "parentUUID": "6d7e3d74-2ff6-4f1a-8f31-f73b869312e0",
              "isHook": false,
              "skipped": false
            }
          ],
          "suites": [],
          "passes": [
            "60f67396-f544-4164-a21b-9637c117d77f",
            "a02499a7-d7f1-4a07-ba0b-b9d84f6501fe"
          ],
          "failures": [],
          "pending": [],
          "skipped": [],
          "duration": 1202,
          "root": false,
          "rootEmpty": false,
          "_timeout": 2000
        },
        {
          "uuid": "a8aed44e-3b0d-4226-841b-3b1517ee1c6a",
          "title": "DELETE BILL",
          "fullFile": "",
          "file": "",
          "beforeHooks": [],
          "afterHooks": [],
          "tests": [
            {
              "title": "Create a bill",
              "fullTitle": "DELETE BILL Create a bill",
              "timedOut": null,
              "duration": 595,
              "state": "passed",
              "speed": "slow",
              "pass": true,
              "fail": false,
              "pending": false,
              "context": null,
              "code": "cy.authenticate().then(response => {\n  bill.createBillRequest();\n  bill.performLogout();\n});",
              "err": {},
              "uuid": "3d9d1f65-14a8-4d51-b9fe-df388a7b6feb",
              "parentUUID": "a8aed44e-3b0d-4226-841b-3b1517ee1c6a",
              "isHook": false,
              "skipped": false
            },
            {
              "title": "Delete a bill",
              "fullTitle": "DELETE BILL Delete a bill",
              "timedOut": null,
              "duration": 562,
              "state": "passed",
              "speed": "slow",
              "pass": true,
              "fail": false,
              "pending": false,
              "context": null,
              "code": "cy.authenticate().then(response => {\n  bill.createBillRequest();\n  bill.deleteBillRequest(Cypress.env().lastID);\n  bill.performLogout();\n});",
              "err": {},
              "uuid": "24e9365f-b137-4329-b278-2110f8c1c722",
              "parentUUID": "a8aed44e-3b0d-4226-841b-3b1517ee1c6a",
              "isHook": false,
              "skipped": false
            }
          ],
          "suites": [],
          "passes": [
            "3d9d1f65-14a8-4d51-b9fe-df388a7b6feb",
            "24e9365f-b137-4329-b278-2110f8c1c722"
          ],
          "failures": [],
          "pending": [],
          "skipped": [],
          "duration": 1157,
          "root": false,
          "rootEmpty": false,
          "_timeout": 2000
        },
        {
          "uuid": "536514ac-d1c7-488e-9b09-c7661985b356",
          "title": "DELETE RESERVATION",
          "fullFile": "",
          "file": "",
          "beforeHooks": [],
          "afterHooks": [],
          "tests": [
            {
              "title": "Create a reservation",
              "fullTitle": "DELETE RESERVATION Create a reservation",
              "timedOut": null,
              "duration": 590,
              "state": "passed",
              "speed": "slow",
              "pass": true,
              "fail": false,
              "pending": false,
              "context": null,
              "code": "cy.authenticate().then(response => {\n  reservation.createReservationRequest();\n  reservation.performLogout();\n});",
              "err": {},
              "uuid": "daf03d38-8eac-4bd7-978f-f208fba257bb",
              "parentUUID": "536514ac-d1c7-488e-9b09-c7661985b356",
              "isHook": false,
              "skipped": false
            },
            {
              "title": "Delete a reservation",
              "fullTitle": "DELETE RESERVATION Delete a reservation",
              "timedOut": null,
              "duration": 632,
              "state": "passed",
              "speed": "slow",
              "pass": true,
              "fail": false,
              "pending": false,
              "context": null,
              "code": "cy.authenticate().then(response => {\n  reservation.createReservationRequest();\n  reservation.deleteReservationRequest(Cypress.env().lastID);\n  reservation.performLogout();\n});",
              "err": {},
              "uuid": "2fa5b0b5-f44f-4d22-9811-9b179a77bbe3",
              "parentUUID": "536514ac-d1c7-488e-9b09-c7661985b356",
              "isHook": false,
              "skipped": false
            }
          ],
          "suites": [],
          "passes": [
            "daf03d38-8eac-4bd7-978f-f208fba257bb",
            "2fa5b0b5-f44f-4d22-9811-9b179a77bbe3"
          ],
          "failures": [],
          "pending": [],
          "skipped": [],
          "duration": 1222,
          "root": false,
          "rootEmpty": false,
          "_timeout": 2000
        },
        {
          "uuid": "9bde0943-264d-425c-80b6-c10f406752ff",
          "title": "DELETE ROOM",
          "fullFile": "",
          "file": "",
          "beforeHooks": [],
          "afterHooks": [],
          "tests": [
            {
              "title": "Create a room",
              "fullTitle": "DELETE ROOM Create a room",
              "timedOut": null,
              "duration": 574,
              "state": "passed",
              "speed": "slow",
              "pass": true,
              "fail": false,
              "pending": false,
              "context": null,
              "code": "cy.authenticate().then(response => {\n  room.createRoomRequest();\n  room.performLogout();\n});",
              "err": {},
              "uuid": "83b81144-5b84-494d-a01d-0cc18ae3f60e",
              "parentUUID": "9bde0943-264d-425c-80b6-c10f406752ff",
              "isHook": false,
              "skipped": false
            },
            {
              "title": "Delete a room",
              "fullTitle": "DELETE ROOM Delete a room",
              "timedOut": null,
              "duration": 624,
              "state": "passed",
              "speed": "slow",
              "pass": true,
              "fail": false,
              "pending": false,
              "context": null,
              "code": "cy.authenticate().then(response => {\n  room.createRoomRequest();\n  room.deleteRoomRequest(Cypress.env().lastID);\n  room.performLogout();\n});",
              "err": {},
              "uuid": "33ed4552-ac49-4e0e-894f-c2fe50202c9b",
              "parentUUID": "9bde0943-264d-425c-80b6-c10f406752ff",
              "isHook": false,
              "skipped": false
            }
          ],
          "suites": [],
          "passes": [
            "83b81144-5b84-494d-a01d-0cc18ae3f60e",
            "33ed4552-ac49-4e0e-894f-c2fe50202c9b"
          ],
          "failures": [],
          "pending": [],
          "skipped": [],
          "duration": 1198,
          "root": false,
          "rootEmpty": false,
          "_timeout": 2000
        },
        {
          "uuid": "8ef2c88b-722f-45e1-b9b1-1b0cc4e0a587",
          "title": "LOG IN",
          "fullFile": "",
          "file": "",
          "beforeHooks": [],
          "afterHooks": [],
          "tests": [
            {
              "title": "login",
              "fullTitle": "LOG IN login",
              "timedOut": null,
              "duration": 572,
              "state": "passed",
              "speed": "slow",
              "pass": true,
              "fail": false,
              "pending": false,
              "context": null,
              "code": "cy.authenticate().then(response => {\n  login.performLogout();\n});",
              "err": {},
              "uuid": "afe9a5bc-df5f-4084-a47f-d84dfb391895",
              "parentUUID": "8ef2c88b-722f-45e1-b9b1-1b0cc4e0a587",
              "isHook": false,
              "skipped": false
            }
          ],
          "suites": [],
          "passes": [
            "afe9a5bc-df5f-4084-a47f-d84dfb391895"
          ],
          "failures": [],
          "pending": [],
          "skipped": [],
          "duration": 572,
          "root": false,
          "rootEmpty": false,
          "_timeout": 2000
        },
        {
          "uuid": "44498850-aa4d-422c-b6fe-d514a891b17d",
          "title": "LOG OUT",
          "fullFile": "",
          "file": "",
          "beforeHooks": [],
          "afterHooks": [],
          "tests": [
            {
              "title": "logout",
              "fullTitle": "LOG OUT logout",
              "timedOut": null,
              "duration": 541,
              "state": "passed",
              "speed": "slow",
              "pass": true,
              "fail": false,
              "pending": false,
              "context": null,
              "code": "cy.authenticate().then(response => {\n  login.performLogout();\n});",
              "err": {},
              "uuid": "cfc90bfc-721c-4791-b539-692260db8135",
              "parentUUID": "44498850-aa4d-422c-b6fe-d514a891b17d",
              "isHook": false,
              "skipped": false
            }
          ],
          "suites": [],
          "passes": [
            "cfc90bfc-721c-4791-b539-692260db8135"
          ],
          "failures": [],
          "pending": [],
          "skipped": [],
          "duration": 541,
          "root": false,
          "rootEmpty": false,
          "_timeout": 2000
        }
      ],
      "passes": [],
      "failures": [],
      "pending": [],
      "skipped": [],
      "duration": 0,
      "root": true,
      "rootEmpty": true,
      "_timeout": 2000
    }
  ],
  "meta": {
    "mocha": {
      "version": "7.0.1"
    },
    "mochawesome": {
      "options": {
        "quiet": false,
        "reportFilename": "mochawesome",
        "saveHtml": true,
        "saveJson": true,
        "consoleReporter": "spec",
        "useInlineDiffs": false,
        "code": true
      },
      "version": "6.2.2"
    },
    "marge": {
      "options": {
        "reportDir": "cypress/report",
        "overwrite": true,
        "html": true,
        "json": true,
        "timestamp": "mmddyyyy_HHMMss"
      },
      "version": "5.2.0"
    }
  }
}